# JRE version: OpenJDK Runtime Environment (8.0_212-b04) (build 1.8.0_212-release-1586-b04)
# Java VM: OpenJDK 64-Bit Server VM (25.212-b04 mixed mode windows-amd64 compressed oops)
Heap:
 PSYoungGen      total 71680K, used 32148K [0x00000000eab00000, 0x00000000f3d00000, 0x0000000100000000)
  eden space 66560K, 40% used [0x00000000eab00000,0x00000000ec5690c0,0x00000000eec00000)
  from space 5120K, 99% used [0x00000000eec00000,0x00000000ef0fc0c0,0x00000000ef100000)
  to   space 12288K, 0% used [0x00000000f3100000,0x00000000f3100000,0x00000000f3d00000)
 ParOldGen       total 53760K, used 12000K [0x00000000c0000000, 0x00000000c3480000, 0x00000000eab00000)
  object space 53760K, 22% used [0x00000000c0000000,0x00000000c0bb8098,0x00000000c3480000)
 Metaspace       used 29548K, capacity 30126K, committed 30464K, reserved 1075200K
  class space    used 4067K, capacity 4270K, committed 4352K, reserved 1048576K
GC Heap History (10 events):
Event: 1.850 GC heap before
{Heap before GC invocations=4 (full 0):
 PSYoungGen      total 38400K, used 38384K [0x00000000eab00000, 0x00000000ef600000, 0x0000000100000000)
  eden space 33280K, 100% used [0x00000000eab00000,0x00000000ecb80000,0x00000000ecb80000)
  from space 5120K, 99% used [0x00000000ecb80000,0x00000000ed07c010,0x00000000ed080000)
  to   space 5120K, 0% used [0x00000000ef100000,0x00000000ef100000,0x00000000ef600000)
 ParOldGen       total 87552K, used 1362K [0x00000000c0000000, 0x00000000c5580000, 0x00000000eab00000)
  object space 87552K, 1% used [0x00000000c0000000,0x00000000c01548b8,0x00000000c5580000)
 Metaspace       used 14555K, capacity 14978K, committed 15232K, reserved 1062912K
  class space    used 2028K, capacity 2159K, committed 2176K, reserved 1048576K
Event: 1.858 GC heap after
Heap after GC invocations=4 (full 0):
 PSYoungGen      total 71680K, used 5088K [0x00000000eab00000, 0x00000000ef600000, 0x0000000100000000)
  eden space 66560K, 0% used [0x00000000eab00000,0x00000000eab00000,0x00000000eec00000)
  from space 5120K, 99% used [0x00000000ef100000,0x00000000ef5f8020,0x00000000ef600000)
  to   space 5120K, 0% used [0x00000000eec00000,0x00000000eec00000,0x00000000ef100000)
 ParOldGen       total 87552K, used 3916K [0x00000000c0000000, 0x00000000c5580000, 0x00000000eab00000)
  object space 87552K, 4% used [0x00000000c0000000,0x00000000c03d33b8,0x00000000c5580000)
 Metaspace       used 14555K, capacity 14978K, committed 15232K, reserved 1062912K
  class space    used 2028K, capacity 2159K, committed 2176K, reserved 1048576K
}
Event: 2.943 GC heap before
{Heap before GC invocations=5 (full 0):
 PSYoungGen      total 71680K, used 71648K [0x00000000eab00000, 0x00000000ef600000, 0x0000000100000000)
  eden space 66560K, 100% used [0x00000000eab00000,0x00000000eec00000,0x00000000eec00000)
  from space 5120K, 99% used [0x00000000ef100000,0x00000000ef5f8020,0x00000000ef600000)
  to   space 5120K, 0% used [0x00000000eec00000,0x00000000eec00000,0x00000000ef100000)
 ParOldGen       total 87552K, used 3916K [0x00000000c0000000, 0x00000000c5580000, 0x00000000eab00000)
  object space 87552K, 4% used [0x00000000c0000000,0x00000000c03d33b8,0x00000000c5580000)
 Metaspace       used 20647K, capacity 21200K, committed 21296K, reserved 1067008K
  class space    used 2984K, capacity 3135K, committed 3200K, reserved 1048576K
Event: 2.954 GC heap after
Heap after GC invocations=5 (full 0):
 PSYoungGen      total 71680K, used 5088K [0x00000000eab00000, 0x00000000ef600000, 0x0000000100000000)
  eden space 66560K, 0% used [0x00000000eab00000,0x00000000eab00000,0x00000000eec00000)
  from space 5120K, 99% used [0x00000000eec00000,0x00000000ef0f8020,0x00000000ef100000)
  to   space 5120K, 0% used [0x00000000ef100000,0x00000000ef100000,0x00000000ef600000)
 ParOldGen       total 87552K, used 11803K [0x00000000c0000000, 0x00000000c5580000, 0x00000000eab00000)
  object space 87552K, 13% used [0x00000000c0000000,0x00000000c0b86f70,0x00000000c5580000)
 Metaspace       used 20647K, capacity 21200K, committed 21296K, reserved 1067008K
  class space    used 2984K, capacity 3135K, committed 3200K, reserved 1048576K
}
Event: 2.958 GC heap before
{Heap before GC invocations=6 (full 0):
 PSYoungGen      total 71680K, used 5980K [0x00000000eab00000, 0x00000000ef600000, 0x0000000100000000)
  eden space 66560K, 1% used [0x00000000eab00000,0x00000000eabdf350,0x00000000eec00000)
  from space 5120K, 99% used [0x00000000eec00000,0x00000000ef0f8020,0x00000000ef100000)
  to   space 5120K, 0% used [0x00000000ef100000,0x00000000ef100000,0x00000000ef600000)
 ParOldGen       total 87552K, used 11803K [0x00000000c0000000, 0x00000000c5580000, 0x00000000eab00000)
  object space 87552K, 13% used [0x00000000c0000000,0x00000000c0b86f70,0x00000000c5580000)
 Metaspace       used 20677K, capacity 21200K, committed 21296K, reserved 1067008K
  class space    used 2987K, capacity 3135K, committed 3200K, reserved 1048576K
Event: 2.962 GC heap after
Heap after GC invocations=6 (full 0):
 PSYoungGen      total 71680K, used 5088K [0x00000000eab00000, 0x00000000ef600000, 0x0000000100000000)
  eden space 66560K, 0% used [0x00000000eab00000,0x00000000eab00000,0x00000000eec00000)
  from space 5120K, 99% used [0x00000000ef100000,0x00000000ef5f8020,0x00000000ef600000)
  to   space 5120K, 0% used [0x00000000eec00000,0x00000000eec00000,0x00000000ef100000)
 ParOldGen       total 87552K, used 11859K [0x00000000c0000000, 0x00000000c5580000, 0x00000000eab00000)
  object space 87552K, 13% used [0x00000000c0000000,0x00000000c0b94c08,0x00000000c5580000)
 Metaspace       used 20677K, capacity 21200K, committed 21296K, reserved 1067008K
  class space    used 2987K, capacity 3135K, committed 3200K, reserved 1048576K
}
Event: 2.963 GC heap before
{Heap before GC invocations=7 (full 1):
 PSYoungGen      total 71680K, used 5088K [0x00000000eab00000, 0x00000000ef600000, 0x0000000100000000)
  eden space 66560K, 0% used [0x00000000eab00000,0x00000000eab00000,0x00000000eec00000)
  from space 5120K, 99% used [0x00000000ef100000,0x00000000ef5f8020,0x00000000ef600000)
  to   space 5120K, 0% used [0x00000000eec00000,0x00000000eec00000,0x00000000ef100000)
 ParOldGen       total 87552K, used 11859K [0x00000000c0000000, 0x00000000c5580000, 0x00000000eab00000)
  object space 87552K, 13% used [0x00000000c0000000,0x00000000c0b94c08,0x00000000c5580000)
 Metaspace       used 20677K, capacity 21200K, committed 21296K, reserved 1067008K
  class space    used 2987K, capacity 3135K, committed 3200K, reserved 1048576K
Event: 3.001 GC heap after
Heap after GC invocations=7 (full 1):
 PSYoungGen      total 71680K, used 0K [0x00000000eab00000, 0x00000000ef600000, 0x0000000100000000)
  eden space 66560K, 0% used [0x00000000eab00000,0x00000000eab00000,0x00000000eec00000)
  from space 5120K, 0% used [0x00000000ef100000,0x00000000ef100000,0x00000000ef600000)
  to   space 5120K, 0% used [0x00000000eec00000,0x00000000eec00000,0x00000000ef100000)
 ParOldGen       total 53760K, used 9611K [0x00000000c0000000, 0x00000000c3480000, 0x00000000eab00000)
  object space 53760K, 17% used [0x00000000c0000000,0x00000000c0962e78,0x00000000c3480000)
 Metaspace       used 20677K, capacity 21200K, committed 21296K, reserved 1067008K
  class space    used 2987K, capacity 3135K, committed 3200K, reserved 1048576K
}
Event: 3.785 GC heap before
{Heap before GC invocations=8 (full 1):
 PSYoungGen      total 71680K, used 66560K [0x00000000eab00000, 0x00000000ef600000, 0x0000000100000000)
  eden space 66560K, 100% used [0x00000000eab00000,0x00000000eec00000,0x00000000eec00000)
  from space 5120K, 0% used [0x00000000ef100000,0x00000000ef100000,0x00000000ef600000)
  to   space 5120K, 0% used [0x00000000eec00000,0x00000000eec00000,0x00000000ef100000)
 ParOldGen       total 53760K, used 9611K [0x00000000c0000000, 0x00000000c3480000, 0x00000000eab00000)
  object space 53760K, 17% used [0x00000000c0000000,0x00000000c0962e78,0x00000000c3480000)
 Metaspace       used 28154K, capacity 28696K, committed 28928K, reserved 1075200K
  class space    used 3858K, capacity 4073K, committed 4096K, reserved 1048576K
Event: 3.790 GC heap after
Heap after GC invocations=8 (full 1):
 PSYoungGen      total 71680K, used 5104K [0x00000000eab00000, 0x00000000f3d00000, 0x0000000100000000)
  eden space 66560K, 0% used [0x00000000eab00000,0x00000000eab00000,0x00000000eec00000)
  from space 5120K, 99% used [0x00000000eec00000,0x00000000ef0fc0c0,0x00000000ef100000)
  to   space 12288K, 0% used [0x00000000f3100000,0x00000000f3100000,0x00000000f3d00000)
 ParOldGen       total 53760K, used 12000K [0x00000000c0000000, 0x00000000c3480000, 0x00000000eab00000)
  object space 53760K, 22% used [0x00000000c0000000,0x00000000c0bb8098,0x00000000c3480000)
 Metaspace       used 28154K, capacity 28696K, committed 28928K, reserved 1075200K
  class space    used 3858K, capacity 4073K, committed 4096K, reserved 1048576K
}

