# JRE version: OpenJDK Runtime Environment (8.0_212-b04) (build 1.8.0_212-release-1586-b04)
# Java VM: OpenJDK 64-Bit Server VM (25.212-b04 mixed mode windows-amd64 compressed oops)
Heap:
 PSYoungGen      total 218624K, used 83112K [0x00000000e0000000, 0x00000000f1f00000, 0x0000000100000000)
  eden space 182784K, 40% used [0x00000000e0000000,0x00000000e47f77b8,0x00000000eb280000)
  from space 35840K, 26% used [0x00000000eb280000,0x00000000ebbb2c00,0x00000000ed580000)
  to   space 34816K, 0% used [0x00000000efd00000,0x00000000efd00000,0x00000000f1f00000)
 ParOldGen       total 143872K, used 98090K [0x00000000a0000000, 0x00000000a8c80000, 0x00000000e0000000)
  object space 143872K, 68% used [0x00000000a0000000,0x00000000a5fca840,0x00000000a8c80000)
 Metaspace       used 70817K, capacity 74352K, committed 74712K, reserved 1114112K
  class space    used 9924K, capacity 10598K, committed 10712K, reserved 1048576K
GC Heap History (10 events):
Event: 6.696 GC heap before
{Heap before GC invocations=14 (full 2):
 PSYoungGen      total 148480K, used 77817K [0x00000000e0000000, 0x00000000ec500000, 0x0000000100000000)
  eden space 133632K, 47% used [0x00000000e0000000,0x00000000e3d8c1a8,0x00000000e8280000)
  from space 14848K, 99% used [0x00000000e8280000,0x00000000e90f2530,0x00000000e9100000)
  to   space 16384K, 0% used [0x00000000eb500000,0x00000000eb500000,0x00000000ec500000)
 ParOldGen       total 93184K, used 24642K [0x00000000a0000000, 0x00000000a5b00000, 0x00000000e0000000)
  object space 93184K, 26% used [0x00000000a0000000,0x00000000a1810818,0x00000000a5b00000)
 Metaspace       used 57123K, capacity 58986K, committed 59096K, reserved 1099776K
  class space    used 7883K, capacity 8337K, committed 8408K, reserved 1048576K
Event: 6.713 GC heap after
Heap after GC invocations=14 (full 2):
 PSYoungGen      total 185856K, used 7048K [0x00000000e0000000, 0x00000000eca00000, 0x0000000100000000)
  eden space 169472K, 0% used [0x00000000e0000000,0x00000000e0000000,0x00000000ea580000)
  from space 16384K, 43% used [0x00000000eb500000,0x00000000ebbe2040,0x00000000ec500000)
  to   space 15872K, 0% used [0x00000000ea580000,0x00000000ea580000,0x00000000eb500000)
 ParOldGen       total 93184K, used 33530K [0x00000000a0000000, 0x00000000a5b00000, 0x00000000e0000000)
  object space 93184K, 35% used [0x00000000a0000000,0x00000000a20bebb8,0x00000000a5b00000)
 Metaspace       used 57123K, capacity 58986K, committed 59096K, reserved 1099776K
  class space    used 7883K, capacity 8337K, committed 8408K, reserved 1048576K
}
Event: 6.713 GC heap before
{Heap before GC invocations=15 (full 3):
 PSYoungGen      total 185856K, used 7048K [0x00000000e0000000, 0x00000000eca00000, 0x0000000100000000)
  eden space 169472K, 0% used [0x00000000e0000000,0x00000000e0000000,0x00000000ea580000)
  from space 16384K, 43% used [0x00000000eb500000,0x00000000ebbe2040,0x00000000ec500000)
  to   space 15872K, 0% used [0x00000000ea580000,0x00000000ea580000,0x00000000eb500000)
 ParOldGen       total 93184K, used 33530K [0x00000000a0000000, 0x00000000a5b00000, 0x00000000e0000000)
  object space 93184K, 35% used [0x00000000a0000000,0x00000000a20bebb8,0x00000000a5b00000)
 Metaspace       used 57123K, capacity 58986K, committed 59096K, reserved 1099776K
  class space    used 7883K, capacity 8337K, committed 8408K, reserved 1048576K
Event: 6.913 GC heap after
Heap after GC invocations=15 (full 3):
 PSYoungGen      total 185856K, used 0K [0x00000000e0000000, 0x00000000eca00000, 0x0000000100000000)
  eden space 169472K, 0% used [0x00000000e0000000,0x00000000e0000000,0x00000000ea580000)
  from space 16384K, 0% used [0x00000000eb500000,0x00000000eb500000,0x00000000ec500000)
  to   space 15872K, 0% used [0x00000000ea580000,0x00000000ea580000,0x00000000eb500000)
 ParOldGen       total 143872K, used 35947K [0x00000000a0000000, 0x00000000a8c80000, 0x00000000e0000000)
  object space 143872K, 24% used [0x00000000a0000000,0x00000000a231acb8,0x00000000a8c80000)
 Metaspace       used 57123K, capacity 58986K, committed 59096K, reserved 1099776K
  class space    used 7883K, capacity 8337K, committed 8408K, reserved 1048576K
}
Event: 8.198 GC heap before
{Heap before GC invocations=16 (full 3):
 PSYoungGen      total 185856K, used 169472K [0x00000000e0000000, 0x00000000eca00000, 0x0000000100000000)
  eden space 169472K, 100% used [0x00000000e0000000,0x00000000ea580000,0x00000000ea580000)
  from space 16384K, 0% used [0x00000000eb500000,0x00000000eb500000,0x00000000ec500000)
  to   space 15872K, 0% used [0x00000000ea580000,0x00000000ea580000,0x00000000eb500000)
 ParOldGen       total 143872K, used 35947K [0x00000000a0000000, 0x00000000a8c80000, 0x00000000e0000000)
  object space 143872K, 24% used [0x00000000a0000000,0x00000000a231acb8,0x00000000a8c80000)
 Metaspace       used 59933K, capacity 62630K, committed 62680K, reserved 1103872K
  class space    used 8308K, capacity 8873K, committed 8920K, reserved 1048576K
Event: 8.214 GC heap after
Heap after GC invocations=16 (full 3):
 PSYoungGen      total 185344K, used 12695K [0x00000000e0000000, 0x00000000ee600000, 0x0000000100000000)
  eden space 169472K, 0% used [0x00000000e0000000,0x00000000e0000000,0x00000000ea580000)
  from space 15872K, 79% used [0x00000000ea580000,0x00000000eb1e5f30,0x00000000eb500000)
  to   space 16896K, 0% used [0x00000000ed580000,0x00000000ed580000,0x00000000ee600000)
 ParOldGen       total 143872K, used 35955K [0x00000000a0000000, 0x00000000a8c80000, 0x00000000e0000000)
  object space 143872K, 24% used [0x00000000a0000000,0x00000000a231ccb8,0x00000000a8c80000)
 Metaspace       used 59933K, capacity 62630K, committed 62680K, reserved 1103872K
  class space    used 8308K, capacity 8873K, committed 8920K, reserved 1048576K
}
Event: 9.203 GC heap before
{Heap before GC invocations=17 (full 3):
 PSYoungGen      total 185344K, used 182147K [0x00000000e0000000, 0x00000000ee600000, 0x0000000100000000)
  eden space 169472K, 99% used [0x00000000e0000000,0x00000000ea57ad40,0x00000000ea580000)
  from space 15872K, 79% used [0x00000000ea580000,0x00000000eb1e5f30,0x00000000eb500000)
  to   space 16896K, 0% used [0x00000000ed580000,0x00000000ed580000,0x00000000ee600000)
 ParOldGen       total 143872K, used 35955K [0x00000000a0000000, 0x00000000a8c80000, 0x00000000e0000000)
  object space 143872K, 24% used [0x00000000a0000000,0x00000000a231ccb8,0x00000000a8c80000)
 Metaspace       used 64342K, capacity 67428K, committed 67672K, reserved 1107968K
  class space    used 9028K, capacity 9692K, committed 9816K, reserved 1048576K
Event: 9.250 GC heap after
Heap after GC invocations=17 (full 3):
 PSYoungGen      total 199680K, used 16876K [0x00000000e0000000, 0x00000000f1380000, 0x0000000100000000)
  eden space 182784K, 0% used [0x00000000e0000000,0x00000000e0000000,0x00000000eb280000)
  from space 16896K, 99% used [0x00000000ed580000,0x00000000ee5fb070,0x00000000ee600000)
  to   space 35840K, 0% used [0x00000000eb280000,0x00000000eb280000,0x00000000ed580000)
 ParOldGen       total 143872K, used 81590K [0x00000000a0000000, 0x00000000a8c80000, 0x00000000e0000000)
  object space 143872K, 56% used [0x00000000a0000000,0x00000000a4fadbe0,0x00000000a8c80000)
 Metaspace       used 64342K, capacity 67428K, committed 67672K, reserved 1107968K
  class space    used 9028K, capacity 9692K, committed 9816K, reserved 1048576K
}
Event: 11.056 GC heap before
{Heap before GC invocations=18 (full 3):
 PSYoungGen      total 199680K, used 199660K [0x00000000e0000000, 0x00000000f1380000, 0x0000000100000000)
  eden space 182784K, 100% used [0x00000000e0000000,0x00000000eb280000,0x00000000eb280000)
  from space 16896K, 99% used [0x00000000ed580000,0x00000000ee5fb070,0x00000000ee600000)
  to   space 35840K, 0% used [0x00000000eb280000,0x00000000eb280000,0x00000000ed580000)
 ParOldGen       total 143872K, used 81590K [0x00000000a0000000, 0x00000000a8c80000, 0x00000000e0000000)
  object space 143872K, 56% used [0x00000000a0000000,0x00000000a4fadbe0,0x00000000a8c80000)
 Metaspace       used 67120K, capacity 70514K, committed 70744K, reserved 1110016K
  class space    used 9399K, capacity 10041K, committed 10072K, reserved 1048576K
Event: 11.082 GC heap after
Heap after GC invocations=18 (full 3):
 PSYoungGen      total 218624K, used 9419K [0x00000000e0000000, 0x00000000f1f00000, 0x0000000100000000)
  eden space 182784K, 0% used [0x00000000e0000000,0x00000000e0000000,0x00000000eb280000)
  from space 35840K, 26% used [0x00000000eb280000,0x00000000ebbb2c00,0x00000000ed580000)
  to   space 34816K, 0% used [0x00000000efd00000,0x00000000efd00000,0x00000000f1f00000)
 ParOldGen       total 143872K, used 98090K [0x00000000a0000000, 0x00000000a8c80000, 0x00000000e0000000)
  object space 143872K, 68% used [0x00000000a0000000,0x00000000a5fca840,0x00000000a8c80000)
 Metaspace       used 67120K, capacity 70514K, committed 70744K, reserved 1110016K
  class space    used 9399K, capacity 10041K, committed 10072K, reserved 1048576K
}

