# JRE version: OpenJDK Runtime Environment (8.0_212-b04) (build 1.8.0_212-release-1586-b04)
# Java VM: OpenJDK 64-Bit Server VM (25.212-b04 mixed mode windows-amd64 compressed oops)
Heap:
 PSYoungGen      total 140288K, used 78365K [0x00000000e0000000, 0x00000000e9b80000, 0x0000000100000000)
  eden space 125952K, 51% used [0x00000000e0000000,0x00000000e3ec1ca0,0x00000000e7b00000)
  from space 14336K, 98% used [0x00000000e7f80000,0x00000000e8d45ab0,0x00000000e8d80000)
  to   space 12800K, 0% used [0x00000000e8f00000,0x00000000e8f00000,0x00000000e9b80000)
 ParOldGen       total 96256K, used 24037K [0x00000000a0000000, 0x00000000a5e00000, 0x00000000e0000000)
  object space 96256K, 24% used [0x00000000a0000000,0x00000000a1779608,0x00000000a5e00000)
 Metaspace       used 56803K, capacity 58716K, committed 59008K, reserved 1099776K
  class space    used 7822K, capacity 8268K, committed 8320K, reserved 1048576K
GC Heap History (10 events):
Event: 3.649 GC heap before
{Heap before GC invocations=9 (full 1):
 PSYoungGen      total 76800K, used 73033K [0x00000000e0000000, 0x00000000e7800000, 0x0000000100000000)
  eden space 65024K, 100% used [0x00000000e0000000,0x00000000e3f80000,0x00000000e3f80000)
  from space 11776K, 68% used [0x00000000e3f80000,0x00000000e4752418,0x00000000e4b00000)
  to   space 11776K, 0% used [0x00000000e6c80000,0x00000000e6c80000,0x00000000e7800000)
 ParOldGen       total 61952K, used 9753K [0x00000000a0000000, 0x00000000a3c80000, 0x00000000e0000000)
  object space 61952K, 15% used [0x00000000a0000000,0x00000000a0986700,0x00000000a3c80000)
 Metaspace       used 31988K, capacity 32532K, committed 32768K, reserved 1077248K
  class space    used 4385K, capacity 4587K, committed 4608K, reserved 1048576K
Event: 3.655 GC heap after
Heap after GC invocations=9 (full 1):
 PSYoungGen      total 111104K, used 8369K [0x00000000e0000000, 0x00000000e7980000, 0x0000000100000000)
  eden space 99328K, 0% used [0x00000000e0000000,0x00000000e0000000,0x00000000e6100000)
  from space 11776K, 71% used [0x00000000e6c80000,0x00000000e74ac5b8,0x00000000e7800000)
  to   space 11776K, 0% used [0x00000000e6100000,0x00000000e6100000,0x00000000e6c80000)
 ParOldGen       total 61952K, used 9761K [0x00000000a0000000, 0x00000000a3c80000, 0x00000000e0000000)
  object space 61952K, 15% used [0x00000000a0000000,0x00000000a0988700,0x00000000a3c80000)
 Metaspace       used 31988K, capacity 32532K, committed 32768K, reserved 1077248K
  class space    used 4385K, capacity 4587K, committed 4608K, reserved 1048576K
}
Event: 4.090 GC heap before
{Heap before GC invocations=10 (full 1):
 PSYoungGen      total 111104K, used 73124K [0x00000000e0000000, 0x00000000e7980000, 0x0000000100000000)
  eden space 99328K, 65% used [0x00000000e0000000,0x00000000e3f3cc90,0x00000000e6100000)
  from space 11776K, 71% used [0x00000000e6c80000,0x00000000e74ac5b8,0x00000000e7800000)
  to   space 11776K, 0% used [0x00000000e6100000,0x00000000e6100000,0x00000000e6c80000)
 ParOldGen       total 61952K, used 9761K [0x00000000a0000000, 0x00000000a3c80000, 0x00000000e0000000)
  object space 61952K, 15% used [0x00000000a0000000,0x00000000a0988700,0x00000000a3c80000)
 Metaspace       used 34589K, capacity 35430K, committed 35456K, reserved 1079296K
  class space    used 4753K, capacity 4970K, committed 4992K, reserved 1048576K
Event: 4.099 GC heap after
Heap after GC invocations=10 (full 1):
 PSYoungGen      total 111104K, used 10437K [0x00000000e0000000, 0x00000000e9b80000, 0x0000000100000000)
  eden space 99328K, 0% used [0x00000000e0000000,0x00000000e0000000,0x00000000e6100000)
  from space 11776K, 88% used [0x00000000e6100000,0x00000000e6b31460,0x00000000e6c80000)
  to   space 12800K, 0% used [0x00000000e8f00000,0x00000000e8f00000,0x00000000e9b80000)
 ParOldGen       total 61952K, used 9769K [0x00000000a0000000, 0x00000000a3c80000, 0x00000000e0000000)
  object space 61952K, 15% used [0x00000000a0000000,0x00000000a098a700,0x00000000a3c80000)
 Metaspace       used 34589K, capacity 35430K, committed 35456K, reserved 1079296K
  class space    used 4753K, capacity 4970K, committed 4992K, reserved 1048576K
}
Event: 4.099 GC heap before
{Heap before GC invocations=11 (full 2):
 PSYoungGen      total 111104K, used 10437K [0x00000000e0000000, 0x00000000e9b80000, 0x0000000100000000)
  eden space 99328K, 0% used [0x00000000e0000000,0x00000000e0000000,0x00000000e6100000)
  from space 11776K, 88% used [0x00000000e6100000,0x00000000e6b31460,0x00000000e6c80000)
  to   space 12800K, 0% used [0x00000000e8f00000,0x00000000e8f00000,0x00000000e9b80000)
 ParOldGen       total 61952K, used 9769K [0x00000000a0000000, 0x00000000a3c80000, 0x00000000e0000000)
  object space 61952K, 15% used [0x00000000a0000000,0x00000000a098a700,0x00000000a3c80000)
 Metaspace       used 34589K, capacity 35430K, committed 35456K, reserved 1079296K
  class space    used 4753K, capacity 4970K, committed 4992K, reserved 1048576K
Event: 4.146 GC heap after
Heap after GC invocations=11 (full 2):
 PSYoungGen      total 111104K, used 0K [0x00000000e0000000, 0x00000000e9b80000, 0x0000000100000000)
  eden space 99328K, 0% used [0x00000000e0000000,0x00000000e0000000,0x00000000e6100000)
  from space 11776K, 0% used [0x00000000e6100000,0x00000000e6100000,0x00000000e6c80000)
  to   space 12800K, 0% used [0x00000000e8f00000,0x00000000e8f00000,0x00000000e9b80000)
 ParOldGen       total 96256K, used 17326K [0x00000000a0000000, 0x00000000a5e00000, 0x00000000e0000000)
  object space 96256K, 18% used [0x00000000a0000000,0x00000000a10eb8f8,0x00000000a5e00000)
 Metaspace       used 34562K, capacity 35340K, committed 35456K, reserved 1079296K
  class space    used 4745K, capacity 4955K, committed 4992K, reserved 1048576K
}
Event: 4.968 GC heap before
{Heap before GC invocations=12 (full 2):
 PSYoungGen      total 111104K, used 98310K [0x00000000e0000000, 0x00000000e9b80000, 0x0000000100000000)
  eden space 99328K, 98% used [0x00000000e0000000,0x00000000e60019c8,0x00000000e6100000)
  from space 11776K, 0% used [0x00000000e6100000,0x00000000e6100000,0x00000000e6c80000)
  to   space 12800K, 0% used [0x00000000e8f00000,0x00000000e8f00000,0x00000000e9b80000)
 ParOldGen       total 96256K, used 17326K [0x00000000a0000000, 0x00000000a5e00000, 0x00000000e0000000)
  object space 96256K, 18% used [0x00000000a0000000,0x00000000a10eb8f8,0x00000000a5e00000)
 Metaspace       used 44458K, capacity 45486K, committed 45824K, reserved 1089536K
  class space    used 5996K, capacity 6281K, committed 6400K, reserved 1048576K
Event: 4.981 GC heap after
Heap after GC invocations=12 (full 2):
 PSYoungGen      total 138752K, used 12784K [0x00000000e0000000, 0x00000000e9b80000, 0x0000000100000000)
  eden space 125952K, 0% used [0x00000000e0000000,0x00000000e0000000,0x00000000e7b00000)
  from space 12800K, 99% used [0x00000000e8f00000,0x00000000e9b7c040,0x00000000e9b80000)
  to   space 14336K, 0% used [0x00000000e7f80000,0x00000000e7f80000,0x00000000e8d80000)
 ParOldGen       total 96256K, used 18170K [0x00000000a0000000, 0x00000000a5e00000, 0x00000000e0000000)
  object space 96256K, 18% used [0x00000000a0000000,0x00000000a11be810,0x00000000a5e00000)
 Metaspace       used 44458K, capacity 45486K, committed 45824K, reserved 1089536K
  class space    used 5996K, capacity 6281K, committed 6400K, reserved 1048576K
}
Event: 6.013 GC heap before
{Heap before GC invocations=13 (full 2):
 PSYoungGen      total 138752K, used 138736K [0x00000000e0000000, 0x00000000e9b80000, 0x0000000100000000)
  eden space 125952K, 100% used [0x00000000e0000000,0x00000000e7b00000,0x00000000e7b00000)
  from space 12800K, 99% used [0x00000000e8f00000,0x00000000e9b7c040,0x00000000e9b80000)
  to   space 14336K, 0% used [0x00000000e7f80000,0x00000000e7f80000,0x00000000e8d80000)
 ParOldGen       total 96256K, used 18170K [0x00000000a0000000, 0x00000000a5e00000, 0x00000000e0000000)
  object space 96256K, 18% used [0x00000000a0000000,0x00000000a11be810,0x00000000a5e00000)
 Metaspace       used 52731K, capacity 54382K, committed 54528K, reserved 1095680K
  class space    used 7242K, capacity 7655K, committed 7680K, reserved 1048576K
Event: 6.036 GC heap after
Heap after GC invocations=13 (full 2):
 PSYoungGen      total 140288K, used 14102K [0x00000000e0000000, 0x00000000e9b80000, 0x0000000100000000)
  eden space 125952K, 0% used [0x00000000e0000000,0x00000000e0000000,0x00000000e7b00000)
  from space 14336K, 98% used [0x00000000e7f80000,0x00000000e8d45ab0,0x00000000e8d80000)
  to   space 12800K, 0% used [0x00000000e8f00000,0x00000000e8f00000,0x00000000e9b80000)
 ParOldGen       total 96256K, used 24037K [0x00000000a0000000, 0x00000000a5e00000, 0x00000000e0000000)
  object space 96256K, 24% used [0x00000000a0000000,0x00000000a1779608,0x00000000a5e00000)
 Metaspace       used 52731K, capacity 54382K, committed 54528K, reserved 1095680K
  class space    used 7242K, capacity 7655K, committed 7680K, reserved 1048576K
}

