# JRE version: OpenJDK Runtime Environment (8.0_212-b04) (build 1.8.0_212-release-1586-b04)
# Java VM: OpenJDK 64-Bit Server VM (25.212-b04 mixed mode windows-amd64 compressed oops)
Heap:
 PSYoungGen      total 248320K, used 85905K [0x00000000e0000000, 0x00000000f1d80000, 0x0000000100000000)
  eden space 232448K, 36% used [0x00000000e0000000,0x00000000e53e46b0,0x00000000ee300000)
  from space 15872K, 0% used [0x00000000efe80000,0x00000000efe80000,0x00000000f0e00000)
  to   space 12800K, 0% used [0x00000000f1100000,0x00000000f1100000,0x00000000f1d80000)
 ParOldGen       total 88064K, used 17167K [0x00000000a0000000, 0x00000000a5600000, 0x00000000e0000000)
  object space 88064K, 19% used [0x00000000a0000000,0x00000000a10c3db0,0x00000000a5600000)
 Metaspace       used 43079K, capacity 44166K, committed 44288K, reserved 1087488K
  class space    used 5832K, capacity 6127K, committed 6144K, reserved 1048576K
GC Heap History (10 events):
Event: 3.813 GC heap before
{Heap before GC invocations=5 (full 0):
 PSYoungGen      total 138240K, used 8542K [0x00000000e0000000, 0x00000000e8c00000, 0x0000000100000000)
  eden space 133120K, 2% used [0x00000000e0000000,0x00000000e035e980,0x00000000e8200000)
  from space 5120K, 99% used [0x00000000e8700000,0x00000000e8bf9050,0x00000000e8c00000)
  to   space 5120K, 0% used [0x00000000e8200000,0x00000000e8200000,0x00000000e8700000)
 ParOldGen       total 87552K, used 11560K [0x00000000a0000000, 0x00000000a5580000, 0x00000000e0000000)
  object space 87552K, 13% used [0x00000000a0000000,0x00000000a0b4a1c8,0x00000000a5580000)
 Metaspace       used 20690K, capacity 21202K, committed 21296K, reserved 1067008K
  class space    used 2984K, capacity 3161K, committed 3200K, reserved 1048576K
Event: 3.819 GC heap after
Heap after GC invocations=5 (full 0):
 PSYoungGen      total 138240K, used 5108K [0x00000000e0000000, 0x00000000f1e00000, 0x0000000100000000)
  eden space 133120K, 0% used [0x00000000e0000000,0x00000000e0000000,0x00000000e8200000)
  from space 5120K, 99% used [0x00000000e8200000,0x00000000e86fd040,0x00000000e8700000)
  to   space 13312K, 0% used [0x00000000f1100000,0x00000000f1100000,0x00000000f1e00000)
 ParOldGen       total 87552K, used 12078K [0x00000000a0000000, 0x00000000a5580000, 0x00000000e0000000)
  object space 87552K, 13% used [0x00000000a0000000,0x00000000a0bcbb08,0x00000000a5580000)
 Metaspace       used 20690K, capacity 21202K, committed 21296K, reserved 1067008K
  class space    used 2984K, capacity 3161K, committed 3200K, reserved 1048576K
}
Event: 3.819 GC heap before
{Heap before GC invocations=6 (full 1):
 PSYoungGen      total 138240K, used 5108K [0x00000000e0000000, 0x00000000f1e00000, 0x0000000100000000)
  eden space 133120K, 0% used [0x00000000e0000000,0x00000000e0000000,0x00000000e8200000)
  from space 5120K, 99% used [0x00000000e8200000,0x00000000e86fd040,0x00000000e8700000)
  to   space 13312K, 0% used [0x00000000f1100000,0x00000000f1100000,0x00000000f1e00000)
 ParOldGen       total 87552K, used 12078K [0x00000000a0000000, 0x00000000a5580000, 0x00000000e0000000)
  object space 87552K, 13% used [0x00000000a0000000,0x00000000a0bcbb08,0x00000000a5580000)
 Metaspace       used 20690K, capacity 21202K, committed 21296K, reserved 1067008K
  class space    used 2984K, capacity 3161K, committed 3200K, reserved 1048576K
Event: 3.852 GC heap after
Heap after GC invocations=6 (full 1):
 PSYoungGen      total 138240K, used 0K [0x00000000e0000000, 0x00000000f1e00000, 0x0000000100000000)
  eden space 133120K, 0% used [0x00000000e0000000,0x00000000e0000000,0x00000000e8200000)
  from space 5120K, 0% used [0x00000000e8200000,0x00000000e8200000,0x00000000e8700000)
  to   space 13312K, 0% used [0x00000000f1100000,0x00000000f1100000,0x00000000f1e00000)
 ParOldGen       total 56320K, used 7449K [0x00000000a0000000, 0x00000000a3700000, 0x00000000e0000000)
  object space 56320K, 13% used [0x00000000a0000000,0x00000000a0746410,0x00000000a3700000)
 Metaspace       used 20690K, capacity 21202K, committed 21296K, reserved 1067008K
  class space    used 2984K, capacity 3161K, committed 3200K, reserved 1048576K
}
Event: 5.368 GC heap before
{Heap before GC invocations=7 (full 1):
 PSYoungGen      total 138240K, used 133120K [0x00000000e0000000, 0x00000000f1e00000, 0x0000000100000000)
  eden space 133120K, 100% used [0x00000000e0000000,0x00000000e8200000,0x00000000e8200000)
  from space 5120K, 0% used [0x00000000e8200000,0x00000000e8200000,0x00000000e8700000)
  to   space 13312K, 0% used [0x00000000f1100000,0x00000000f1100000,0x00000000f1e00000)
 ParOldGen       total 56320K, used 7449K [0x00000000a0000000, 0x00000000a3700000, 0x00000000e0000000)
  object space 56320K, 13% used [0x00000000a0000000,0x00000000a0746410,0x00000000a3700000)
 Metaspace       used 31939K, capacity 32468K, committed 32768K, reserved 1077248K
  class space    used 4380K, capacity 4587K, committed 4608K, reserved 1048576K
Event: 5.381 GC heap after
Heap after GC invocations=7 (full 1):
 PSYoungGen      total 245248K, used 12792K [0x00000000e0000000, 0x00000000f1d80000, 0x0000000100000000)
  eden space 232448K, 0% used [0x00000000e0000000,0x00000000e0000000,0x00000000ee300000)
  from space 12800K, 99% used [0x00000000f1100000,0x00000000f1d7e280,0x00000000f1d80000)
  to   space 15872K, 0% used [0x00000000efe80000,0x00000000efe80000,0x00000000f0e00000)
 ParOldGen       total 56320K, used 7457K [0x00000000a0000000, 0x00000000a3700000, 0x00000000e0000000)
  object space 56320K, 13% used [0x00000000a0000000,0x00000000a0748410,0x00000000a3700000)
 Metaspace       used 31939K, capacity 32468K, committed 32768K, reserved 1077248K
  class space    used 4380K, capacity 4587K, committed 4608K, reserved 1048576K
}
Event: 6.134 GC heap before
{Heap before GC invocations=8 (full 1):
 PSYoungGen      total 245248K, used 83668K [0x00000000e0000000, 0x00000000f1d80000, 0x0000000100000000)
  eden space 232448K, 30% used [0x00000000e0000000,0x00000000e4536e28,0x00000000ee300000)
  from space 12800K, 99% used [0x00000000f1100000,0x00000000f1d7e280,0x00000000f1d80000)
  to   space 15872K, 0% used [0x00000000efe80000,0x00000000efe80000,0x00000000f0e00000)
 ParOldGen       total 56320K, used 7457K [0x00000000a0000000, 0x00000000a3700000, 0x00000000e0000000)
  object space 56320K, 13% used [0x00000000a0000000,0x00000000a0748410,0x00000000a3700000)
 Metaspace       used 34584K, capacity 35430K, committed 35456K, reserved 1079296K
  class space    used 4756K, capacity 4970K, committed 4992K, reserved 1048576K
Event: 6.144 GC heap after
Heap after GC invocations=8 (full 1):
 PSYoungGen      total 248320K, used 10453K [0x00000000e0000000, 0x00000000f1d80000, 0x0000000100000000)
  eden space 232448K, 0% used [0x00000000e0000000,0x00000000e0000000,0x00000000ee300000)
  from space 15872K, 65% used [0x00000000efe80000,0x00000000f08b5708,0x00000000f0e00000)
  to   space 12800K, 0% used [0x00000000f1100000,0x00000000f1100000,0x00000000f1d80000)
 ParOldGen       total 56320K, used 7465K [0x00000000a0000000, 0x00000000a3700000, 0x00000000e0000000)
  object space 56320K, 13% used [0x00000000a0000000,0x00000000a074a410,0x00000000a3700000)
 Metaspace       used 34584K, capacity 35430K, committed 35456K, reserved 1079296K
  class space    used 4756K, capacity 4970K, committed 4992K, reserved 1048576K
}
Event: 6.144 GC heap before
{Heap before GC invocations=9 (full 2):
 PSYoungGen      total 248320K, used 10453K [0x00000000e0000000, 0x00000000f1d80000, 0x0000000100000000)
  eden space 232448K, 0% used [0x00000000e0000000,0x00000000e0000000,0x00000000ee300000)
  from space 15872K, 65% used [0x00000000efe80000,0x00000000f08b5708,0x00000000f0e00000)
  to   space 12800K, 0% used [0x00000000f1100000,0x00000000f1100000,0x00000000f1d80000)
 ParOldGen       total 56320K, used 7465K [0x00000000a0000000, 0x00000000a3700000, 0x00000000e0000000)
  object space 56320K, 13% used [0x00000000a0000000,0x00000000a074a410,0x00000000a3700000)
 Metaspace       used 34584K, capacity 35430K, committed 35456K, reserved 1079296K
  class space    used 4756K, capacity 4970K, committed 4992K, reserved 1048576K
Event: 6.254 GC heap after
Heap after GC invocations=9 (full 2):
 PSYoungGen      total 248320K, used 0K [0x00000000e0000000, 0x00000000f1d80000, 0x0000000100000000)
  eden space 232448K, 0% used [0x00000000e0000000,0x00000000e0000000,0x00000000ee300000)
  from space 15872K, 0% used [0x00000000efe80000,0x00000000efe80000,0x00000000f0e00000)
  to   space 12800K, 0% used [0x00000000f1100000,0x00000000f1100000,0x00000000f1d80000)
 ParOldGen       total 88064K, used 17167K [0x00000000a0000000, 0x00000000a5600000, 0x00000000e0000000)
  object space 88064K, 19% used [0x00000000a0000000,0x00000000a10c3db0,0x00000000a5600000)
 Metaspace       used 34557K, capacity 35340K, committed 35456K, reserved 1079296K
  class space    used 4748K, capacity 4955K, committed 4992K, reserved 1048576K
}

