# JRE version: OpenJDK Runtime Environment (8.0_212-b04) (build 1.8.0_212-release-1586-b04)
# Java VM: OpenJDK 64-Bit Server VM (25.212-b04 mixed mode windows-amd64 compressed oops)
Heap:
 PSYoungGen      total 77312K, used 17879K [0x00000000e0000000, 0x00000000e5800000, 0x0000000100000000)
  eden space 65536K, 27% used [0x00000000e0000000,0x00000000e1175f60,0x00000000e4000000)
  from space 11776K, 0% used [0x00000000e4000000,0x00000000e4000000,0x00000000e4b80000)
  to   space 10752K, 0% used [0x00000000e4b80000,0x00000000e4b80000,0x00000000e5600000)
 ParOldGen       total 62976K, used 17285K [0x00000000a0000000, 0x00000000a3d80000, 0x00000000e0000000)
  object space 62976K, 27% used [0x00000000a0000000,0x00000000a10e1790,0x00000000a3d80000)
 Metaspace       used 36607K, capacity 37546K, committed 37888K, reserved 1081344K
  class space    used 5023K, capacity 5278K, committed 5376K, reserved 1048576K
GC Heap History (10 events):
Event: 2.406 GC heap before
{Heap before GC invocations=7 (full 1):
 PSYoungGen      total 76288K, used 9104K [0x00000000e0000000, 0x00000000e5800000, 0x0000000100000000)
  eden space 65536K, 0% used [0x00000000e0000000,0x00000000e0000000,0x00000000e4000000)
  from space 10752K, 84% used [0x00000000e4b80000,0x00000000e54640b0,0x00000000e5600000)
  to   space 11776K, 0% used [0x00000000e4000000,0x00000000e4000000,0x00000000e4b80000)
 ParOldGen       total 87552K, used 7390K [0x00000000a0000000, 0x00000000a5580000, 0x00000000e0000000)
  object space 87552K, 8% used [0x00000000a0000000,0x00000000a0737aa0,0x00000000a5580000)
 Metaspace       used 20687K, capacity 21202K, committed 21296K, reserved 1067008K
  class space    used 2983K, capacity 3161K, committed 3200K, reserved 1048576K
Event: 2.440 GC heap after
Heap after GC invocations=7 (full 1):
 PSYoungGen      total 76288K, used 0K [0x00000000e0000000, 0x00000000e5800000, 0x0000000100000000)
  eden space 65536K, 0% used [0x00000000e0000000,0x00000000e0000000,0x00000000e4000000)
  from space 10752K, 0% used [0x00000000e4b80000,0x00000000e4b80000,0x00000000e5600000)
  to   space 11776K, 0% used [0x00000000e4000000,0x00000000e4000000,0x00000000e4b80000)
 ParOldGen       total 62976K, used 9728K [0x00000000a0000000, 0x00000000a3d80000, 0x00000000e0000000)
  object space 62976K, 15% used [0x00000000a0000000,0x00000000a0980298,0x00000000a3d80000)
 Metaspace       used 20687K, capacity 21202K, committed 21296K, reserved 1067008K
  class space    used 2983K, capacity 3161K, committed 3200K, reserved 1048576K
}
Event: 3.088 GC heap before
{Heap before GC invocations=8 (full 1):
 PSYoungGen      total 76288K, used 65536K [0x00000000e0000000, 0x00000000e5800000, 0x0000000100000000)
  eden space 65536K, 100% used [0x00000000e0000000,0x00000000e4000000,0x00000000e4000000)
  from space 10752K, 0% used [0x00000000e4b80000,0x00000000e4b80000,0x00000000e5600000)
  to   space 11776K, 0% used [0x00000000e4000000,0x00000000e4000000,0x00000000e4b80000)
 ParOldGen       total 62976K, used 9728K [0x00000000a0000000, 0x00000000a3d80000, 0x00000000e0000000)
  object space 62976K, 15% used [0x00000000a0000000,0x00000000a0980298,0x00000000a3d80000)
 Metaspace       used 29044K, capacity 29526K, committed 29824K, reserved 1075200K
  class space    used 3911K, capacity 4097K, committed 4224K, reserved 1048576K
Event: 3.094 GC heap after
Heap after GC invocations=8 (full 1):
 PSYoungGen      total 77312K, used 8128K [0x00000000e0000000, 0x00000000e5800000, 0x0000000100000000)
  eden space 65536K, 0% used [0x00000000e0000000,0x00000000e0000000,0x00000000e4000000)
  from space 11776K, 69% used [0x00000000e4000000,0x00000000e47f0370,0x00000000e4b80000)
  to   space 10752K, 0% used [0x00000000e4b80000,0x00000000e4b80000,0x00000000e5600000)
 ParOldGen       total 62976K, used 9736K [0x00000000a0000000, 0x00000000a3d80000, 0x00000000e0000000)
  object space 62976K, 15% used [0x00000000a0000000,0x00000000a0982298,0x00000000a3d80000)
 Metaspace       used 29044K, capacity 29526K, committed 29824K, reserved 1075200K
  class space    used 3911K, capacity 4097K, committed 4224K, reserved 1048576K
}
Event: 3.438 GC heap before
{Heap before GC invocations=9 (full 1):
 PSYoungGen      total 77312K, used 73664K [0x00000000e0000000, 0x00000000e5800000, 0x0000000100000000)
  eden space 65536K, 100% used [0x00000000e0000000,0x00000000e4000000,0x00000000e4000000)
  from space 11776K, 69% used [0x00000000e4000000,0x00000000e47f0370,0x00000000e4b80000)
  to   space 10752K, 0% used [0x00000000e4b80000,0x00000000e4b80000,0x00000000e5600000)
 ParOldGen       total 62976K, used 9736K [0x00000000a0000000, 0x00000000a3d80000, 0x00000000e0000000)
  object space 62976K, 15% used [0x00000000a0000000,0x00000000a0982298,0x00000000a3d80000)
 Metaspace       used 31999K, capacity 32532K, committed 32768K, reserved 1077248K
  class space    used 4390K, capacity 4587K, committed 4608K, reserved 1048576K
Event: 3.447 GC heap after
Heap after GC invocations=9 (full 1):
 PSYoungGen      total 76288K, used 8432K [0x00000000e0000000, 0x00000000e5800000, 0x0000000100000000)
  eden space 65536K, 0% used [0x00000000e0000000,0x00000000e0000000,0x00000000e4000000)
  from space 10752K, 78% used [0x00000000e4b80000,0x00000000e53bc060,0x00000000e5600000)
  to   space 11776K, 0% used [0x00000000e4000000,0x00000000e4000000,0x00000000e4b80000)
 ParOldGen       total 62976K, used 9744K [0x00000000a0000000, 0x00000000a3d80000, 0x00000000e0000000)
  object space 62976K, 15% used [0x00000000a0000000,0x00000000a0984298,0x00000000a3d80000)
 Metaspace       used 31999K, capacity 32532K, committed 32768K, reserved 1077248K
  class space    used 4390K, capacity 4587K, committed 4608K, reserved 1048576K
}
Event: 3.985 GC heap before
{Heap before GC invocations=10 (full 1):
 PSYoungGen      total 76288K, used 71136K [0x00000000e0000000, 0x00000000e5800000, 0x0000000100000000)
  eden space 65536K, 95% used [0x00000000e0000000,0x00000000e3d3c2e8,0x00000000e4000000)
  from space 10752K, 78% used [0x00000000e4b80000,0x00000000e53bc060,0x00000000e5600000)
  to   space 11776K, 0% used [0x00000000e4000000,0x00000000e4000000,0x00000000e4b80000)
 ParOldGen       total 62976K, used 9744K [0x00000000a0000000, 0x00000000a3d80000, 0x00000000e0000000)
  object space 62976K, 15% used [0x00000000a0000000,0x00000000a0984298,0x00000000a3d80000)
 Metaspace       used 34590K, capacity 35414K, committed 35456K, reserved 1079296K
  class space    used 4757K, capacity 4968K, committed 4992K, reserved 1048576K
Event: 3.994 GC heap after
Heap after GC invocations=10 (full 1):
 PSYoungGen      total 77312K, used 10388K [0x00000000e0000000, 0x00000000e5800000, 0x0000000100000000)
  eden space 65536K, 0% used [0x00000000e0000000,0x00000000e0000000,0x00000000e4000000)
  from space 11776K, 88% used [0x00000000e4000000,0x00000000e4a251e0,0x00000000e4b80000)
  to   space 10752K, 0% used [0x00000000e4b80000,0x00000000e4b80000,0x00000000e5600000)
 ParOldGen       total 62976K, used 9752K [0x00000000a0000000, 0x00000000a3d80000, 0x00000000e0000000)
  object space 62976K, 15% used [0x00000000a0000000,0x00000000a0986298,0x00000000a3d80000)
 Metaspace       used 34590K, capacity 35414K, committed 35456K, reserved 1079296K
  class space    used 4757K, capacity 4968K, committed 4992K, reserved 1048576K
}
Event: 3.994 GC heap before
{Heap before GC invocations=11 (full 2):
 PSYoungGen      total 77312K, used 10388K [0x00000000e0000000, 0x00000000e5800000, 0x0000000100000000)
  eden space 65536K, 0% used [0x00000000e0000000,0x00000000e0000000,0x00000000e4000000)
  from space 11776K, 88% used [0x00000000e4000000,0x00000000e4a251e0,0x00000000e4b80000)
  to   space 10752K, 0% used [0x00000000e4b80000,0x00000000e4b80000,0x00000000e5600000)
 ParOldGen       total 62976K, used 9752K [0x00000000a0000000, 0x00000000a3d80000, 0x00000000e0000000)
  object space 62976K, 15% used [0x00000000a0000000,0x00000000a0986298,0x00000000a3d80000)
 Metaspace       used 34590K, capacity 35414K, committed 35456K, reserved 1079296K
  class space    used 4757K, capacity 4968K, committed 4992K, reserved 1048576K
Event: 4.041 GC heap after
Heap after GC invocations=11 (full 2):
 PSYoungGen      total 77312K, used 0K [0x00000000e0000000, 0x00000000e5800000, 0x0000000100000000)
  eden space 65536K, 0% used [0x00000000e0000000,0x00000000e0000000,0x00000000e4000000)
  from space 11776K, 0% used [0x00000000e4000000,0x00000000e4000000,0x00000000e4b80000)
  to   space 10752K, 0% used [0x00000000e4b80000,0x00000000e4b80000,0x00000000e5600000)
 ParOldGen       total 62976K, used 17285K [0x00000000a0000000, 0x00000000a3d80000, 0x00000000e0000000)
  object space 62976K, 27% used [0x00000000a0000000,0x00000000a10e1790,0x00000000a3d80000)
 Metaspace       used 34565K, capacity 35330K, committed 35456K, reserved 1079296K
  class space    used 4749K, capacity 4954K, committed 4992K, reserved 1048576K
}

