# JRE version: OpenJDK Runtime Environment (8.0_212-b04) (build 1.8.0_212-release-1586-b04)
# Java VM: OpenJDK 64-Bit Server VM (25.212-b04 mixed mode windows-amd64 compressed oops)
Heap:
 PSYoungGen      total 137728K, used 50439K [0x00000000e0000000, 0x00000000e9a00000, 0x0000000100000000)
  eden space 124928K, 30% used [0x00000000e0000000,0x00000000e24c3448,0x00000000e7a00000)
  from space 12800K, 99% used [0x00000000e8d80000,0x00000000e99feb78,0x00000000e9a00000)
  to   space 14336K, 0% used [0x00000000e7e00000,0x00000000e7e00000,0x00000000e8c00000)
 ParOldGen       total 97280K, used 18351K [0x00000000a0000000, 0x00000000a5f00000, 0x00000000e0000000)
  object space 97280K, 18% used [0x00000000a0000000,0x00000000a11ebca0,0x00000000a5f00000)
 Metaspace       used 47504K, capacity 48640K, committed 48896K, reserved 1091584K
  class space    used 6347K, capacity 6638K, committed 6656K, reserved 1048576K
GC Heap History (10 events):
Event: 5.283 GC heap before
{Heap before GC invocations=8 (full 1):
 PSYoungGen      total 75264K, used 65024K [0x00000000e0000000, 0x00000000e5800000, 0x0000000100000000)
  eden space 65024K, 100% used [0x00000000e0000000,0x00000000e3f80000,0x00000000e3f80000)
  from space 10240K, 0% used [0x00000000e4b00000,0x00000000e4b00000,0x00000000e5500000)
  to   space 11776K, 0% used [0x00000000e3f80000,0x00000000e3f80000,0x00000000e4b00000)
 ParOldGen       total 62464K, used 9677K [0x00000000a0000000, 0x00000000a3d00000, 0x00000000e0000000)
  object space 62464K, 15% used [0x00000000a0000000,0x00000000a0973548,0x00000000a3d00000)
 Metaspace       used 29025K, capacity 29488K, committed 29696K, reserved 1075200K
  class space    used 3906K, capacity 4063K, committed 4096K, reserved 1048576K
Event: 5.293 GC heap after
Heap after GC invocations=8 (full 1):
 PSYoungGen      total 76800K, used 7945K [0x00000000e0000000, 0x00000000e7800000, 0x0000000100000000)
  eden space 65024K, 0% used [0x00000000e0000000,0x00000000e0000000,0x00000000e3f80000)
  from space 11776K, 67% used [0x00000000e3f80000,0x00000000e4742728,0x00000000e4b00000)
  to   space 11776K, 0% used [0x00000000e6c80000,0x00000000e6c80000,0x00000000e7800000)
 ParOldGen       total 62464K, used 9685K [0x00000000a0000000, 0x00000000a3d00000, 0x00000000e0000000)
  object space 62464K, 15% used [0x00000000a0000000,0x00000000a0975548,0x00000000a3d00000)
 Metaspace       used 29025K, capacity 29488K, committed 29696K, reserved 1075200K
  class space    used 3906K, capacity 4063K, committed 4096K, reserved 1048576K
}
Event: 5.804 GC heap before
{Heap before GC invocations=9 (full 1):
 PSYoungGen      total 76800K, used 72969K [0x00000000e0000000, 0x00000000e7800000, 0x0000000100000000)
  eden space 65024K, 100% used [0x00000000e0000000,0x00000000e3f80000,0x00000000e3f80000)
  from space 11776K, 67% used [0x00000000e3f80000,0x00000000e4742728,0x00000000e4b00000)
  to   space 11776K, 0% used [0x00000000e6c80000,0x00000000e6c80000,0x00000000e7800000)
 ParOldGen       total 62464K, used 9685K [0x00000000a0000000, 0x00000000a3d00000, 0x00000000e0000000)
  object space 62464K, 15% used [0x00000000a0000000,0x00000000a0975548,0x00000000a3d00000)
 Metaspace       used 31862K, capacity 32404K, committed 32768K, reserved 1077248K
  class space    used 4368K, capacity 4587K, committed 4608K, reserved 1048576K
Event: 5.812 GC heap after
Heap after GC invocations=9 (full 1):
 PSYoungGen      total 111104K, used 8190K [0x00000000e0000000, 0x00000000e7900000, 0x0000000100000000)
  eden space 99328K, 0% used [0x00000000e0000000,0x00000000e0000000,0x00000000e6100000)
  from space 11776K, 69% used [0x00000000e6c80000,0x00000000e747fbc0,0x00000000e7800000)
  to   space 11776K, 0% used [0x00000000e6100000,0x00000000e6100000,0x00000000e6c80000)
 ParOldGen       total 62464K, used 9693K [0x00000000a0000000, 0x00000000a3d00000, 0x00000000e0000000)
  object space 62464K, 15% used [0x00000000a0000000,0x00000000a0977548,0x00000000a3d00000)
 Metaspace       used 31862K, capacity 32404K, committed 32768K, reserved 1077248K
  class space    used 4368K, capacity 4587K, committed 4608K, reserved 1048576K
}
Event: 6.751 GC heap before
{Heap before GC invocations=10 (full 1):
 PSYoungGen      total 111104K, used 75799K [0x00000000e0000000, 0x00000000e7900000, 0x0000000100000000)
  eden space 99328K, 68% used [0x00000000e0000000,0x00000000e42062b8,0x00000000e6100000)
  from space 11776K, 69% used [0x00000000e6c80000,0x00000000e747fbc0,0x00000000e7800000)
  to   space 11776K, 0% used [0x00000000e6100000,0x00000000e6100000,0x00000000e6c80000)
 ParOldGen       total 62464K, used 9693K [0x00000000a0000000, 0x00000000a3d00000, 0x00000000e0000000)
  object space 62464K, 15% used [0x00000000a0000000,0x00000000a0977548,0x00000000a3d00000)
 Metaspace       used 34510K, capacity 35376K, committed 35456K, reserved 1079296K
  class space    used 4746K, capacity 4971K, committed 4992K, reserved 1048576K
Event: 6.762 GC heap after
Heap after GC invocations=10 (full 1):
 PSYoungGen      total 111104K, used 10579K [0x00000000e0000000, 0x00000000e9a00000, 0x0000000100000000)
  eden space 99328K, 0% used [0x00000000e0000000,0x00000000e0000000,0x00000000e6100000)
  from space 11776K, 89% used [0x00000000e6100000,0x00000000e6b54f48,0x00000000e6c80000)
  to   space 12800K, 0% used [0x00000000e8d80000,0x00000000e8d80000,0x00000000e9a00000)
 ParOldGen       total 62464K, used 9701K [0x00000000a0000000, 0x00000000a3d00000, 0x00000000e0000000)
  object space 62464K, 15% used [0x00000000a0000000,0x00000000a0979548,0x00000000a3d00000)
 Metaspace       used 34510K, capacity 35376K, committed 35456K, reserved 1079296K
  class space    used 4746K, capacity 4971K, committed 4992K, reserved 1048576K
}
Event: 6.762 GC heap before
{Heap before GC invocations=11 (full 2):
 PSYoungGen      total 111104K, used 10579K [0x00000000e0000000, 0x00000000e9a00000, 0x0000000100000000)
  eden space 99328K, 0% used [0x00000000e0000000,0x00000000e0000000,0x00000000e6100000)
  from space 11776K, 89% used [0x00000000e6100000,0x00000000e6b54f48,0x00000000e6c80000)
  to   space 12800K, 0% used [0x00000000e8d80000,0x00000000e8d80000,0x00000000e9a00000)
 ParOldGen       total 62464K, used 9701K [0x00000000a0000000, 0x00000000a3d00000, 0x00000000e0000000)
  object space 62464K, 15% used [0x00000000a0000000,0x00000000a0979548,0x00000000a3d00000)
 Metaspace       used 34510K, capacity 35376K, committed 35456K, reserved 1079296K
  class space    used 4746K, capacity 4971K, committed 4992K, reserved 1048576K
Event: 6.812 GC heap after
Heap after GC invocations=11 (full 2):
 PSYoungGen      total 111104K, used 0K [0x00000000e0000000, 0x00000000e9a00000, 0x0000000100000000)
  eden space 99328K, 0% used [0x00000000e0000000,0x00000000e0000000,0x00000000e6100000)
  from space 11776K, 0% used [0x00000000e6100000,0x00000000e6100000,0x00000000e6c80000)
  to   space 12800K, 0% used [0x00000000e8d80000,0x00000000e8d80000,0x00000000e9a00000)
 ParOldGen       total 97280K, used 17470K [0x00000000a0000000, 0x00000000a5f00000, 0x00000000e0000000)
  object space 97280K, 17% used [0x00000000a0000000,0x00000000a110fb58,0x00000000a5f00000)
 Metaspace       used 34478K, capacity 35268K, committed 35456K, reserved 1079296K
  class space    used 4736K, capacity 4953K, committed 4992K, reserved 1048576K
}
Event: 8.247 GC heap before
{Heap before GC invocations=12 (full 2):
 PSYoungGen      total 111104K, used 98551K [0x00000000e0000000, 0x00000000e9a00000, 0x0000000100000000)
  eden space 99328K, 99% used [0x00000000e0000000,0x00000000e603dd20,0x00000000e6100000)
  from space 11776K, 0% used [0x00000000e6100000,0x00000000e6100000,0x00000000e6c80000)
  to   space 12800K, 0% used [0x00000000e8d80000,0x00000000e8d80000,0x00000000e9a00000)
 ParOldGen       total 97280K, used 17470K [0x00000000a0000000, 0x00000000a5f00000, 0x00000000e0000000)
  object space 97280K, 17% used [0x00000000a0000000,0x00000000a110fb58,0x00000000a5f00000)
 Metaspace       used 44471K, capacity 45490K, committed 45824K, reserved 1089536K
  class space    used 5997K, capacity 6281K, committed 6400K, reserved 1048576K
Event: 8.258 GC heap after
Heap after GC invocations=12 (full 2):
 PSYoungGen      total 137728K, used 12794K [0x00000000e0000000, 0x00000000e9a00000, 0x0000000100000000)
  eden space 124928K, 0% used [0x00000000e0000000,0x00000000e0000000,0x00000000e7a00000)
  from space 12800K, 99% used [0x00000000e8d80000,0x00000000e99feb78,0x00000000e9a00000)
  to   space 14336K, 0% used [0x00000000e7e00000,0x00000000e7e00000,0x00000000e8c00000)
 ParOldGen       total 97280K, used 18351K [0x00000000a0000000, 0x00000000a5f00000, 0x00000000e0000000)
  object space 97280K, 18% used [0x00000000a0000000,0x00000000a11ebca0,0x00000000a5f00000)
 Metaspace       used 44471K, capacity 45490K, committed 45824K, reserved 1089536K
  class space    used 5997K, capacity 6281K, committed 6400K, reserved 1048576K
}

