# JRE version: OpenJDK Runtime Environment (8.0_212-b04) (build 1.8.0_212-release-1586-b04)
# Java VM: OpenJDK 64-Bit Server VM (25.212-b04 mixed mode windows-amd64 compressed oops)
Heap:
 PSYoungGen      total 233984K, used 204873K [0x00000000e0000000, 0x00000000f3f80000, 0x0000000100000000)
  eden space 207872K, 86% used [0x00000000e0000000,0x00000000eae99e48,0x00000000ecb00000)
  from space 26112K, 99% used [0x00000000ef480000,0x00000000f0df8628,0x00000000f0e00000)
  to   space 42496K, 0% used [0x00000000ecb00000,0x00000000ecb00000,0x00000000ef480000)
 ParOldGen       total 142848K, used 88889K [0x00000000a0000000, 0x00000000a8b80000, 0x00000000e0000000)
  object space 142848K, 62% used [0x00000000a0000000,0x00000000a56ce5e0,0x00000000a8b80000)
 Metaspace       used 81911K, capacity 86572K, committed 86872K, reserved 1124352K
  class space    used 11160K, capacity 12048K, committed 12120K, reserved 1048576K
GC Heap History (10 events):
Event: 9.717 GC heap before
{Heap before GC invocations=15 (full 3):
 PSYoungGen      total 180736K, used 16275K [0x00000000e0000000, 0x00000000ec980000, 0x0000000100000000)
  eden space 164352K, 0% used [0x00000000e0000000,0x00000000e0000000,0x00000000ea080000)
  from space 16384K, 99% used [0x00000000eb280000,0x00000000ec264e88,0x00000000ec280000)
  to   space 18432K, 0% used [0x00000000ea080000,0x00000000ea080000,0x00000000eb280000)
 ParOldGen       total 93696K, used 24277K [0x00000000a0000000, 0x00000000a5b80000, 0x00000000e0000000)
  object space 93696K, 25% used [0x00000000a0000000,0x00000000a17b57d0,0x00000000a5b80000)
 Metaspace       used 57232K, capacity 58990K, committed 59096K, reserved 1099776K
  class space    used 7897K, capacity 8337K, committed 8408K, reserved 1048576K
Event: 9.904 GC heap after
Heap after GC invocations=15 (full 3):
 PSYoungGen      total 180736K, used 0K [0x00000000e0000000, 0x00000000ec980000, 0x0000000100000000)
  eden space 164352K, 0% used [0x00000000e0000000,0x00000000e0000000,0x00000000ea080000)
  from space 16384K, 0% used [0x00000000eb280000,0x00000000eb280000,0x00000000ec280000)
  to   space 18432K, 0% used [0x00000000ea080000,0x00000000ea080000,0x00000000eb280000)
 ParOldGen       total 142848K, used 36262K [0x00000000a0000000, 0x00000000a8b80000, 0x00000000e0000000)
  object space 142848K, 25% used [0x00000000a0000000,0x00000000a2369a10,0x00000000a8b80000)
 Metaspace       used 57232K, capacity 58990K, committed 59096K, reserved 1099776K
  class space    used 7897K, capacity 8337K, committed 8408K, reserved 1048576K
}
Event: 12.599 GC heap before
{Heap before GC invocations=16 (full 3):
 PSYoungGen      total 180736K, used 164352K [0x00000000e0000000, 0x00000000ec980000, 0x0000000100000000)
  eden space 164352K, 100% used [0x00000000e0000000,0x00000000ea080000,0x00000000ea080000)
  from space 16384K, 0% used [0x00000000eb280000,0x00000000eb280000,0x00000000ec280000)
  to   space 18432K, 0% used [0x00000000ea080000,0x00000000ea080000,0x00000000eb280000)
 ParOldGen       total 142848K, used 36262K [0x00000000a0000000, 0x00000000a8b80000, 0x00000000e0000000)
  object space 142848K, 25% used [0x00000000a0000000,0x00000000a2369a10,0x00000000a8b80000)
 Metaspace       used 60741K, capacity 63432K, committed 63576K, reserved 1103872K
  class space    used 8415K, capacity 8986K, committed 9048K, reserved 1048576K
Event: 12.617 GC heap after
Heap after GC invocations=16 (full 3):
 PSYoungGen      total 182784K, used 18412K [0x00000000e0000000, 0x00000000eeb80000, 0x0000000100000000)
  eden space 164352K, 0% used [0x00000000e0000000,0x00000000e0000000,0x00000000ea080000)
  from space 18432K, 99% used [0x00000000ea080000,0x00000000eb27b178,0x00000000eb280000)
  to   space 22016K, 0% used [0x00000000ed600000,0x00000000ed600000,0x00000000eeb80000)
 ParOldGen       total 142848K, used 39263K [0x00000000a0000000, 0x00000000a8b80000, 0x00000000e0000000)
  object space 142848K, 27% used [0x00000000a0000000,0x00000000a2657f88,0x00000000a8b80000)
 Metaspace       used 60741K, capacity 63432K, committed 63576K, reserved 1103872K
  class space    used 8415K, capacity 8986K, committed 9048K, reserved 1048576K
}
Event: 17.715 GC heap before
{Heap before GC invocations=17 (full 3):
 PSYoungGen      total 182784K, used 182764K [0x00000000e0000000, 0x00000000eeb80000, 0x0000000100000000)
  eden space 164352K, 100% used [0x00000000e0000000,0x00000000ea080000,0x00000000ea080000)
  from space 18432K, 99% used [0x00000000ea080000,0x00000000eb27b178,0x00000000eb280000)
  to   space 22016K, 0% used [0x00000000ed600000,0x00000000ed600000,0x00000000eeb80000)
 ParOldGen       total 142848K, used 39263K [0x00000000a0000000, 0x00000000a8b80000, 0x00000000e0000000)
  object space 142848K, 27% used [0x00000000a0000000,0x00000000a2657f88,0x00000000a8b80000)
 Metaspace       used 65395K, capacity 68162K, committed 68440K, reserved 1107968K
  class space    used 8946K, capacity 9527K, committed 9560K, reserved 1048576K
Event: 17.733 GC heap after
Heap after GC invocations=17 (full 3):
 PSYoungGen      total 212992K, used 16824K [0x00000000e0000000, 0x00000000ee980000, 0x0000000100000000)
  eden space 193024K, 0% used [0x00000000e0000000,0x00000000e0000000,0x00000000ebc80000)
  from space 19968K, 84% used [0x00000000ed600000,0x00000000ee66e058,0x00000000ee980000)
  to   space 23040K, 0% used [0x00000000ebc80000,0x00000000ebc80000,0x00000000ed300000)
 ParOldGen       total 142848K, used 54955K [0x00000000a0000000, 0x00000000a8b80000, 0x00000000e0000000)
  object space 142848K, 38% used [0x00000000a0000000,0x00000000a35aae30,0x00000000a8b80000)
 Metaspace       used 65395K, capacity 68162K, committed 68440K, reserved 1107968K
  class space    used 8946K, capacity 9527K, committed 9560K, reserved 1048576K
}
Event: 22.438 GC heap before
{Heap before GC invocations=18 (full 3):
 PSYoungGen      total 212992K, used 209848K [0x00000000e0000000, 0x00000000ee980000, 0x0000000100000000)
  eden space 193024K, 100% used [0x00000000e0000000,0x00000000ebc80000,0x00000000ebc80000)
  from space 19968K, 84% used [0x00000000ed600000,0x00000000ee66e058,0x00000000ee980000)
  to   space 23040K, 0% used [0x00000000ebc80000,0x00000000ebc80000,0x00000000ed300000)
 ParOldGen       total 142848K, used 54955K [0x00000000a0000000, 0x00000000a8b80000, 0x00000000e0000000)
  object space 142848K, 38% used [0x00000000a0000000,0x00000000a35aae30,0x00000000a8b80000)
 Metaspace       used 73977K, capacity 77274K, committed 77528K, reserved 1116160K
  class space    used 10021K, capacity 10703K, committed 10712K, reserved 1048576K
Event: 22.464 GC heap after
Heap after GC invocations=18 (full 3):
 PSYoungGen      total 216064K, used 21705K [0x00000000e0000000, 0x00000000f0e00000, 0x0000000100000000)
  eden space 193024K, 0% used [0x00000000e0000000,0x00000000e0000000,0x00000000ebc80000)
  from space 23040K, 94% used [0x00000000ebc80000,0x00000000ed1b2490,0x00000000ed300000)
  to   space 26112K, 0% used [0x00000000ef480000,0x00000000ef480000,0x00000000f0e00000)
 ParOldGen       total 142848K, used 54963K [0x00000000a0000000, 0x00000000a8b80000, 0x00000000e0000000)
  object space 142848K, 38% used [0x00000000a0000000,0x00000000a35ace30,0x00000000a8b80000)
 Metaspace       used 73977K, capacity 77274K, committed 77528K, reserved 1116160K
  class space    used 10021K, capacity 10703K, committed 10712K, reserved 1048576K
}
Event: 24.257 GC heap before
{Heap before GC invocations=19 (full 3):
 PSYoungGen      total 216064K, used 214729K [0x00000000e0000000, 0x00000000f0e00000, 0x0000000100000000)
  eden space 193024K, 100% used [0x00000000e0000000,0x00000000ebc80000,0x00000000ebc80000)
  from space 23040K, 94% used [0x00000000ebc80000,0x00000000ed1b2490,0x00000000ed300000)
  to   space 26112K, 0% used [0x00000000ef480000,0x00000000ef480000,0x00000000f0e00000)
 ParOldGen       total 142848K, used 54963K [0x00000000a0000000, 0x00000000a8b80000, 0x00000000e0000000)
  object space 142848K, 38% used [0x00000000a0000000,0x00000000a35ace30,0x00000000a8b80000)
 Metaspace       used 81598K, capacity 86204K, committed 86360K, reserved 1124352K
  class space    used 11158K, capacity 12016K, committed 12120K, reserved 1048576K
Event: 24.334 GC heap after
Heap after GC invocations=19 (full 3):
 PSYoungGen      total 233984K, used 26081K [0x00000000e0000000, 0x00000000f3f80000, 0x0000000100000000)
  eden space 207872K, 0% used [0x00000000e0000000,0x00000000e0000000,0x00000000ecb00000)
  from space 26112K, 99% used [0x00000000ef480000,0x00000000f0df8628,0x00000000f0e00000)
  to   space 42496K, 0% used [0x00000000ecb00000,0x00000000ecb00000,0x00000000ef480000)
 ParOldGen       total 142848K, used 88889K [0x00000000a0000000, 0x00000000a8b80000, 0x00000000e0000000)
  object space 142848K, 62% used [0x00000000a0000000,0x00000000a56ce5e0,0x00000000a8b80000)
 Metaspace       used 81598K, capacity 86204K, committed 86360K, reserved 1124352K
  class space    used 11158K, capacity 12016K, committed 12120K, reserved 1048576K
}

